::1 - - [02/Mar/2022:18:07:11 +0000] "POST /api/v1/users/register HTTP/1.1" 500 1535 "http://localhost:3000/" "Mozilla/5.0 (iPhone; CPU iPhone OS 10_3_1 like Mac OS X) AppleWebKit/603.1.30 (KHTML, like Gecko) Version/10.0 Mobile/14E304 Safari/602.1"
::1 - - [02/Mar/2022:18:08:46 +0000] "POST /api/v1/users/register HTTP/1.1" 200 605 "http://localhost:3000/" "Mozilla/5.0 (iPhone; CPU iPhone OS 10_3_1 like Mac OS X) AppleWebKit/603.1.30 (KHTML, like Gecko) Version/10.0 Mobile/14E304 Safari/602.1"
::1 - - [02/Mar/2022:18:10:28 +0000] "POST /api/v1/users/register HTTP/1.1" 200 658 "http://localhost:3000/" "Mozilla/5.0 (Windows NT 10.0; Win64; x64) AppleWebKit/537.36 (KHTML, like Gecko) Chrome/98.0.4758.102 Safari/537.36"
::1 - - [02/Mar/2022:18:11:49 +0000] "POST /api/v1/users/register HTTP/1.1" 500 388 "http://localhost:3000/" "Mozilla/5.0 (Windows NT 10.0; Win64; x64) AppleWebKit/537.36 (KHTML, like Gecko) Chrome/98.0.4758.102 Safari/537.36"
::1 - - [02/Mar/2022:18:12:16 +0000] "POST /api/v1/users/register HTTP/1.1" 200 659 "http://localhost:3000/" "Mozilla/5.0 (Windows NT 10.0; Win64; x64) AppleWebKit/537.36 (KHTML, like Gecko) Chrome/98.0.4758.102 Safari/537.36"
::1 - - [02/Mar/2022:18:16:40 +0000] "POST /api/v1/users/register HTTP/1.1" 500 390 "http://localhost:3000/" "Mozilla/5.0 (Windows NT 10.0; Win64; x64) AppleWebKit/537.36 (KHTML, like Gecko) Chrome/98.0.4758.102 Safari/537.36"
::1 - - [02/Mar/2022:18:16:48 +0000] "POST /api/v1/users/register HTTP/1.1" 200 660 "http://localhost:3000/" "Mozilla/5.0 (Windows NT 10.0; Win64; x64) AppleWebKit/537.36 (KHTML, like Gecko) Chrome/98.0.4758.102 Safari/537.36"
::1 - - [02/Mar/2022:18:19:08 +0000] "POST /api/v1/users/register HTTP/1.1" 200 571 "http://localhost:3000/" "Mozilla/5.0 (Windows NT 10.0; Win64; x64) AppleWebKit/537.36 (KHTML, like Gecko) Chrome/98.0.4758.102 Safari/537.36"
::1 - - [02/Mar/2022:18:20:39 +0000] "POST /api/v1/users/register HTTP/1.1" 200 565 "http://localhost:3000/" "Mozilla/5.0 (Windows NT 10.0; Win64; x64) AppleWebKit/537.36 (KHTML, like Gecko) Chrome/98.0.4758.102 Safari/537.36"
::1 - - [02/Mar/2022:18:22:41 +0000] "POST /api/v1/users/login HTTP/1.1" 200 658 "http://localhost:3000/" "Mozilla/5.0 (Windows NT 10.0; Win64; x64) AppleWebKit/537.36 (KHTML, like Gecko) Chrome/98.0.4758.102 Safari/537.36"
::1 - - [02/Mar/2022:18:31:05 +0000] "POST /api/v1/users/login HTTP/1.1" 200 658 "http://localhost:3000/" "Mozilla/5.0 (Windows NT 10.0; Win64; x64) AppleWebKit/537.36 (KHTML, like Gecko) Chrome/98.0.4758.102 Safari/537.36"
::1 - - [02/Mar/2022:18:38:39 +0000] "POST /api/v1/users/login HTTP/1.1" 200 658 "http://localhost:3000/" "Mozilla/5.0 (Windows NT 10.0; Win64; x64) AppleWebKit/537.36 (KHTML, like Gecko) Chrome/98.0.4758.102 Safari/537.36"
::1 - - [02/Mar/2022:18:39:25 +0000] "POST /api/v1/users/login HTTP/1.1" 200 658 "http://localhost:3000/" "Mozilla/5.0 (Windows NT 10.0; Win64; x64) AppleWebKit/537.36 (KHTML, like Gecko) Chrome/98.0.4758.102 Safari/537.36"
::1 - - [02/Mar/2022:18:39:46 +0000] "POST /api/v1/users/login HTTP/1.1" 200 658 "http://localhost:3000/" "Mozilla/5.0 (Windows NT 10.0; Win64; x64) AppleWebKit/537.36 (KHTML, like Gecko) Chrome/98.0.4758.102 Safari/537.36"
::1 - - [02/Mar/2022:18:39:57 +0000] "POST /api/v1/users/login HTTP/1.1" 200 658 "http://localhost:3000/" "Mozilla/5.0 (Windows NT 10.0; Win64; x64) AppleWebKit/537.36 (KHTML, like Gecko) Chrome/98.0.4758.102 Safari/537.36"
::1 - - [02/Mar/2022:18:40:14 +0000] "POST /api/v1/users/login HTTP/1.1" 200 658 "http://localhost:3000/" "Mozilla/5.0 (Windows NT 10.0; Win64; x64) AppleWebKit/537.36 (KHTML, like Gecko) Chrome/98.0.4758.102 Safari/537.36"
::1 - - [02/Mar/2022:18:40:30 +0000] "POST /api/v1/users/login HTTP/1.1" 200 658 "http://localhost:3000/" "Mozilla/5.0 (Windows NT 10.0; Win64; x64) AppleWebKit/537.36 (KHTML, like Gecko) Chrome/98.0.4758.102 Safari/537.36"
::1 - - [02/Mar/2022:18:41:18 +0000] "POST /api/v1/users/login HTTP/1.1" 200 658 "http://localhost:3000/" "Mozilla/5.0 (Windows NT 10.0; Win64; x64) AppleWebKit/537.36 (KHTML, like Gecko) Chrome/98.0.4758.102 Safari/537.36"
::1 - - [02/Mar/2022:18:44:21 +0000] "POST /api/v1/users/login HTTP/1.1" 200 658 "http://localhost:3000/" "Mozilla/5.0 (Windows NT 10.0; Win64; x64) AppleWebKit/537.36 (KHTML, like Gecko) Chrome/98.0.4758.102 Safari/537.36"
::1 - - [02/Mar/2022:18:44:31 +0000] "POST /api/v1/users/login HTTP/1.1" 200 658 "http://localhost:3000/" "Mozilla/5.0 (Windows NT 10.0; Win64; x64) AppleWebKit/537.36 (KHTML, like Gecko) Chrome/98.0.4758.102 Safari/537.36"
::1 - - [02/Mar/2022:18:46:25 +0000] "POST /api/v1/users/login HTTP/1.1" 200 657 "http://localhost:3000/" "Mozilla/5.0 (Windows NT 10.0; Win64; x64) AppleWebKit/537.36 (KHTML, like Gecko) Chrome/98.0.4758.102 Safari/537.36"
::1 - - [03/Mar/2022:09:19:34 +0000] "POST /api/v1/videos HTTP/1.1" 403 150 "-" "PostmanRuntime/7.29.0"
::1 - - [03/Mar/2022:09:20:20 +0000] "GET /api/v1/videos HTTP/1.1" 200 103 "-" "PostmanRuntime/7.29.0"
::1 - - [03/Mar/2022:09:24:51 +0000] "POST /api/v1/users HTTP/1.1" 500 476 "-" "PostmanRuntime/7.29.0"
::1 - - [03/Mar/2022:09:25:06 +0000] "POST /api/v1/users HTTP/1.1" 200 309 "-" "PostmanRuntime/7.29.0"
::1 - - [03/Mar/2022:09:26:59 +0000] "POST /api/v1/videos HTTP/1.1" 403 150 "-" "PostmanRuntime/7.29.0"
::1 - - [03/Mar/2022:09:27:11 +0000] "POST /api/v1/login HTTP/1.1" 404 152 "-" "PostmanRuntime/7.29.0"
::1 - - [03/Mar/2022:09:27:39 +0000] "POST /api/v1/login HTTP/1.1" 404 152 "-" "PostmanRuntime/7.29.0"
::1 - - [03/Mar/2022:09:27:56 +0000] "POST /api/v1/users/login HTTP/1.1" 200 511 "-" "PostmanRuntime/7.29.0"
::1 - - [03/Mar/2022:09:28:10 +0000] "GET /api/v1/videos HTTP/1.1" 200 103 "-" "PostmanRuntime/7.29.0"
::1 - - [03/Mar/2022:09:28:31 +0000] "POST /api/v1/videos HTTP/1.1" 400 109 "-" "PostmanRuntime/7.29.0"
::1 - - [03/Mar/2022:09:29:48 +0000] "POST /api/v1/videos HTTP/1.1" 200 230 "-" "PostmanRuntime/7.29.0"
::1 - - [03/Mar/2022:09:45:03 +0000] "GET /api/v1/videos HTTP/1.1" 200 309 "-" "PostmanRuntime/7.29.0"
::1 - - [03/Mar/2022:09:45:18 +0000] "POST /api/v1/users/login HTTP/1.1" 200 511 "-" "PostmanRuntime/7.29.0"
::1 - - [03/Mar/2022:09:45:19 +0000] "POST /api/v1/comments HTTP/1.1" 200 238 "-" "PostmanRuntime/7.29.0"
::1 - - [03/Mar/2022:09:46:08 +0000] "POST /api/v1/videos HTTP/1.1" 200 247 "-" "PostmanRuntime/7.29.0"
::1 - - [03/Mar/2022:09:46:13 +0000] "POST /api/v1/videos HTTP/1.1" 200 230 "-" "PostmanRuntime/7.29.0"
::1 - - [03/Mar/2022:09:46:18 +0000] "GET /api/v1/videos HTTP/1.1" 200 740 "-" "PostmanRuntime/7.29.0"
::1 - - [03/Mar/2022:09:51:38 +0000] "GET /api/v1/videos/62208e606f797a38f4b11dd7 HTTP/1.1" 200 247 "-" "PostmanRuntime/7.29.0"
::1 - - [03/Mar/2022:09:51:49 +0000] "POST /api/v1/users/login HTTP/1.1" 200 511 "-" "PostmanRuntime/7.29.0"
::1 - - [03/Mar/2022:09:51:52 +0000] "GET /api/v1/videos/62208e606f797a38f4b11dd7 HTTP/1.1" 200 247 "-" "PostmanRuntime/7.29.0"
::1 - - [03/Mar/2022:09:51:57 +0000] "POST /api/v1/users/login HTTP/1.1" 200 511 "-" "PostmanRuntime/7.29.0"
::1 - - [03/Mar/2022:09:52:14 +0000] "GET /api/v1/videos/62208e606f797a38f4b11dd7 HTTP/1.1" 200 247 "-" "PostmanRuntime/7.29.0"
::1 - - [03/Mar/2022:09:52:48 +0000] "GET /api/v1/videos/62208e606f797a38f4b11dd7 HTTP/1.1" 200 247 "-" "PostmanRuntime/7.29.0"
::1 - - [03/Mar/2022:09:56:50 +0000] "GET /api/v1/videos/62208e606f797a38f4b11dd7 HTTP/1.1" 200 247 "-" "PostmanRuntime/7.29.0"
::1 - - [03/Mar/2022:09:57:36 +0000] "POST /api/v1/users/login HTTP/1.1" 200 524 "-" "PostmanRuntime/7.29.0"
::1 - - [03/Mar/2022:09:57:58 +0000] "GET /api/v1/videos/62208e606f797a38f4b11dd7 HTTP/1.1" 200 247 "-" "PostmanRuntime/7.29.0"
::1 - - [03/Mar/2022:09:58:05 +0000] "POST /api/v1/users/login HTTP/1.1" 200 550 "-" "PostmanRuntime/7.29.0"
::1 - - [03/Mar/2022:10:01:05 +0000] "GET /api/v1/videos HTTP/1.1" 200 740 "-" "PostmanRuntime/7.29.0"
::1 - - [03/Mar/2022:10:01:27 +0000] "GET /api/v1/videos/62208a8cc1bebc308c2e8e59 HTTP/1.1" 200 230 "-" "PostmanRuntime/7.29.0"
::1 - - [03/Mar/2022:10:01:36 +0000] "POST /api/v1/users/login HTTP/1.1" 200 577 "-" "PostmanRuntime/7.29.0"
::1 - - [03/Mar/2022:10:28:33 +0000] "POST /api/v1/courses HTTP/1.1" 400 109 "-" "PostmanRuntime/7.29.0"
::1 - - [03/Mar/2022:10:29:17 +0000] "POST /api/v1/courses HTTP/1.1" 500 384 "-" "PostmanRuntime/7.29.0"
::1 - - [03/Mar/2022:10:29:40 +0000] "POST /api/v1/courses HTTP/1.1" 200 313 "-" "PostmanRuntime/7.29.0"
::1 - - [03/Mar/2022:10:30:06 +0000] "POST /api/v1/videos HTTP/1.1" 400 120 "-" "PostmanRuntime/7.29.0"
::1 - - [03/Mar/2022:10:31:11 +0000] "POST /api/v1/videos HTTP/1.1" 200 283 "-" "PostmanRuntime/7.29.0"
::1 - - [03/Mar/2022:10:32:09 +0000] "GET /api/v1/courses HTTP/1.1" 200 392 "-" "PostmanRuntime/7.29.0"
::1 - - [03/Mar/2022:10:32:58 +0000] "GET /api/v1/courses HTTP/1.1" 200 392 "-" "PostmanRuntime/7.29.0"
::1 - - [03/Mar/2022:10:33:37 +0000] "POST /api/v1/videos HTTP/1.1" 200 283 "-" "PostmanRuntime/7.29.0"
::1 - - [03/Mar/2022:10:33:43 +0000] "GET /api/v1/courses HTTP/1.1" 200 418 "-" "PostmanRuntime/7.29.0"
::1 - - [03/Mar/2022:10:34:14 +0000] "POST /api/v1/videos HTTP/1.1" 200 283 "-" "PostmanRuntime/7.29.0"
::1 - - [03/Mar/2022:10:34:18 +0000] "GET /api/v1/courses HTTP/1.1" 200 445 "-" "PostmanRuntime/7.29.0"
::1 - - [03/Mar/2022:10:34:45 +0000] "POST /api/v1/videos HTTP/1.1" 200 283 "-" "PostmanRuntime/7.29.0"
::1 - - [03/Mar/2022:10:34:51 +0000] "GET /api/v1/courses HTTP/1.1" 200 472 "-" "PostmanRuntime/7.29.0"
::1 - - [03/Mar/2022:10:35:09 +0000] "GET /api/v1/videos HTTP/1.1" 200 1273 "-" "PostmanRuntime/7.29.0"
::1 - - [03/Mar/2022:10:35:30 +0000] "POST /api/v1/videos HTTP/1.1" 200 283 "-" "PostmanRuntime/7.29.0"
::1 - - [03/Mar/2022:10:35:33 +0000] "GET /api/v1/courses HTTP/1.1" 200 499 "-" "PostmanRuntime/7.29.0"
::1 - - [03/Mar/2022:10:35:51 +0000] "POST /api/v1/videos HTTP/1.1" 200 283 "-" "PostmanRuntime/7.29.0"
::1 - - [03/Mar/2022:10:36:02 +0000] "POST /api/v1/videos HTTP/1.1" 200 283 "-" "PostmanRuntime/7.29.0"
::1 - - [03/Mar/2022:10:36:05 +0000] "GET /api/v1/courses HTTP/1.1" 200 553 "-" "PostmanRuntime/7.29.0"
::1 - - [03/Mar/2022:10:36:19 +0000] "GET /api/v1/videos HTTP/1.1" 200 1274 "-" "PostmanRuntime/7.29.0"
::1 - - [03/Mar/2022:10:36:47 +0000] "GET /api/v1/comments HTTP/1.1" 200 317 "-" "PostmanRuntime/7.29.0"
::1 - - [03/Mar/2022:10:46:26 +0000] "GET /api/v1/courses HTTP/1.1" 200 553 "-" "PostmanRuntime/7.29.0"
::1 - - [03/Mar/2022:10:49:49 +0000] "GET /api/v1/videos/62208a8cc1bebc308c2e8e59 HTTP/1.1" 200 230 "-" "PostmanRuntime/7.29.0"
::1 - - [03/Mar/2022:10:50:02 +0000] "GET /api/v1/histories HTTP/1.1" 200 251 "-" "PostmanRuntime/7.29.0"
::1 - - [03/Mar/2022:10:51:41 +0000] "GET /api/v1/videos/62208a8cc1bebc308c2e8e59 HTTP/1.1" 200 230 "-" "PostmanRuntime/7.29.0"
::1 - - [03/Mar/2022:10:51:46 +0000] "GET /api/v1/histories HTTP/1.1" 200 440 "-" "PostmanRuntime/7.29.0"
::1 - - [03/Mar/2022:10:52:52 +0000] "GET /api/v1/videos/62208a8cc1bebc308c2e8e59 HTTP/1.1" 200 230 "-" "PostmanRuntime/7.29.0"
::1 - - [03/Mar/2022:10:53:09 +0000] "GET /api/v1/courses HTTP/1.1" 200 553 "-" "PostmanRuntime/7.29.0"
::1 - - [03/Mar/2022:10:53:20 +0000] "GET /api/v1/videos/6220998071c2c02fc8120440 HTTP/1.1" 200 283 "-" "PostmanRuntime/7.29.0"
::1 - - [03/Mar/2022:10:53:28 +0000] "GET /api/v1/histories HTTP/1.1" 200 854 "-" "PostmanRuntime/7.29.0"
::1 - - [03/Mar/2022:11:34:39 +0000] "GET /api/v1/videos/6220998071c2c02fc8120440 HTTP/1.1" 200 283 "-" "PostmanRuntime/7.29.0"
::1 - - [03/Mar/2022:11:38:04 +0000] "GET /api/v1/videos/6220998071c2c02fc8120440 HTTP/1.1" 200 283 "-" "PostmanRuntime/7.29.0"
::1 - - [03/Mar/2022:11:40:57 +0000] "GET /api/v1/videos/6220998071c2c02fc8120440 HTTP/1.1" 200 283 "-" "PostmanRuntime/7.29.0"
::1 - - [03/Mar/2022:11:41:18 +0000] "GET /api/v1/videos/6220998071c2c02fc8120440 HTTP/1.1" 500 61 "-" "PostmanRuntime/7.29.0"
::1 - - [03/Mar/2022:11:41:46 +0000] "GET /api/v1/videos/6220998071c2c02fc8120440 HTTP/1.1" 200 283 "-" "PostmanRuntime/7.29.0"
::1 - - [03/Mar/2022:11:43:32 +0000] "GET /api/v1/videos/6220998071c2c02fc8120440 HTTP/1.1" 500 73 "-" "PostmanRuntime/7.29.0"
::1 - - [03/Mar/2022:11:44:02 +0000] "GET /api/v1/videos/6220998071c2c02fc8120440 HTTP/1.1" 500 82 "-" "PostmanRuntime/7.29.0"
::1 - - [03/Mar/2022:11:45:31 +0000] "GET /api/v1/videos/6220998071c2c02fc8120440 HTTP/1.1" 200 283 "-" "PostmanRuntime/7.29.0"
::1 - - [03/Mar/2022:11:46:00 +0000] "GET /api/v1/videos/6220998071c2c02fc8120440 HTTP/1.1" 200 283 "-" "PostmanRuntime/7.29.0"
::1 - - [03/Mar/2022:11:46:25 +0000] "GET /api/v1/videos/6220998071c2c02fc8120440 HTTP/1.1" 200 283 "-" "PostmanRuntime/7.29.0"
::1 - - [03/Mar/2022:11:47:01 +0000] "GET /api/v1/videos/6220998071c2c02fc8120440 HTTP/1.1" 200 283 "-" "PostmanRuntime/7.29.0"
::1 - - [03/Mar/2022:11:48:40 +0000] "GET /api/v1/videos/6220998071c2c02fc8120440 HTTP/1.1" 200 283 "-" "PostmanRuntime/7.29.0"
::1 - - [03/Mar/2022:11:49:35 +0000] "GET /api/v1/histories HTTP/1.1" 200 1093 "-" "PostmanRuntime/7.29.0"
::1 - - [03/Mar/2022:11:59:08 +0000] "GET /api/v1/videos/6220998071c2c02fc8120440 HTTP/1.1" 200 283 "-" "PostmanRuntime/7.29.0"
::1 - - [04/Mar/2022:03:19:16 +0000] "GET /api/v1/videos/6220998071c2c02fc8120440 HTTP/1.1" 200 283 "-" "PostmanRuntime/7.29.0"
::1 - - [04/Mar/2022:03:20:20 +0000] "GET /api/v1/videos/6220998071c2c02fc8120440 HTTP/1.1" 200 283 "-" "PostmanRuntime/7.29.0"
::1 - - [04/Mar/2022:03:27:18 +0000] "GET /api/v1/courses HTTP/1.1" 200 553 "-" "PostmanRuntime/7.29.0"
::1 - - [04/Mar/2022:03:27:27 +0000] "GET /api/v1/videos/622099a671c2c02fc8120441 HTTP/1.1" 200 283 "-" "PostmanRuntime/7.29.0"
::1 - - [04/Mar/2022:03:29:25 +0000] "GET /api/v1/videos/622099a671c2c02fc8120441 HTTP/1.1" 200 283 "-" "PostmanRuntime/7.29.0"
::1 - - [04/Mar/2022:03:32:56 +0000] "GET /api/v1/videos/622099a671c2c02fc8120441 HTTP/1.1" 200 283 "-" "PostmanRuntime/7.29.0"
::1 - - [04/Mar/2022:03:34:13 +0000] "GET /api/v1/videos/622099a671c2c02fc8120441 HTTP/1.1" 200 283 "-" "PostmanRuntime/7.29.0"
::1 - - [04/Mar/2022:03:34:35 +0000] "GET /api/v1/videos/622099a671c2c02fc8120441 HTTP/1.1" 200 283 "-" "PostmanRuntime/7.29.0"
::1 - - [04/Mar/2022:03:35:04 +0000] "GET /api/v1/videos/622099a671c2c02fc8120441 HTTP/1.1" 200 283 "-" "PostmanRuntime/7.29.0"
::1 - - [04/Mar/2022:03:35:47 +0000] "GET /api/v1/videos/622099a671c2c02fc8120441 HTTP/1.1" 200 283 "-" "PostmanRuntime/7.29.0"
::1 - - [04/Mar/2022:03:36:07 +0000] "GET /api/v1/videos/622099a671c2c02fc8120441 HTTP/1.1" 200 283 "-" "PostmanRuntime/7.29.0"
::1 - - [04/Mar/2022:03:36:31 +0000] "GET /api/v1/videos/622099a671c2c02fc8120441 HTTP/1.1" 200 283 "-" "PostmanRuntime/7.29.0"
::1 - - [04/Mar/2022:03:37:17 +0000] "GET /api/v1/videos/622099a671c2c02fc8120441 HTTP/1.1" 200 283 "-" "PostmanRuntime/7.29.0"
::1 - - [04/Mar/2022:03:37:54 +0000] "GET /api/v1/videos/622099a671c2c02fc8120441 HTTP/1.1" 200 283 "-" "PostmanRuntime/7.29.0"
::1 - - [04/Mar/2022:03:39:20 +0000] "GET /api/v1/videos/622099a671c2c02fc8120441 HTTP/1.1" 200 283 "-" "PostmanRuntime/7.29.0"
::1 - - [04/Mar/2022:03:40:37 +0000] "GET /api/v1/videos/622099a671c2c02fc8120441 HTTP/1.1" 200 283 "-" "PostmanRuntime/7.29.0"
::1 - - [04/Mar/2022:03:40:51 +0000] "GET /api/v1/videos/622099a671c2c02fc8120441 HTTP/1.1" 200 283 "-" "PostmanRuntime/7.29.0"
::1 - - [04/Mar/2022:03:41:09 +0000] "GET /api/v1/videos/622099a671c2c02fc8120441 HTTP/1.1" 200 283 "-" "PostmanRuntime/7.29.0"
::1 - - [04/Mar/2022:03:46:34 +0000] "GET /api/v1/videos/622099f271c2c02fc8120443 HTTP/1.1" 404 98 "-" "PostmanRuntime/7.29.0"
::1 - - [04/Mar/2022:03:47:42 +0000] "GET /api/v1/videos/6220998071c2c02fc8120440 HTTP/1.1" 200 283 "-" "PostmanRuntime/7.29.0"
::1 - - [04/Mar/2022:03:48:05 +0000] "GET /api/v1/videos/622099f271c2c02fc8120443 HTTP/1.1" 404 98 "-" "PostmanRuntime/7.29.0"
::1 - - [04/Mar/2022:03:49:06 +0000] "GET /api/v1/videos/622099a671c2c02fc8120441 HTTP/1.1" 200 283 "-" "PostmanRuntime/7.29.0"
::1 - - [04/Mar/2022:03:50:50 +0000] "GET /api/v1/courses HTTP/1.1" 200 553 "-" "PostmanRuntime/7.29.0"
::1 - - [04/Mar/2022:03:51:09 +0000] "GET /api/v1/videos/62209a1271c2c02fc8120445 HTTP/1.1" 404 98 "-" "PostmanRuntime/7.29.0"
::1 - - [04/Mar/2022:03:52:36 +0000] "GET /api/v1/histories HTTP/1.1" 200 1093 "-" "PostmanRuntime/7.29.0"
::1 - - [04/Mar/2022:04:11:21 +0000] "GET /api/v1/videos/6220998071c2c02fc8120440 HTTP/1.1" 200 283 "-" "PostmanRuntime/7.29.0"
::1 - - [04/Mar/2022:04:12:35 +0000] "GET /api/v1/videos/6220998071c2c02fc8120440 HTTP/1.1" 200 283 "-" "PostmanRuntime/7.29.0"
::1 - - [04/Mar/2022:04:13:49 +0000] "GET /api/v1/videos/622099a671c2c02fc8120441 HTTP/1.1" 200 283 "-" "PostmanRuntime/7.29.0"
::1 - - [04/Mar/2022:04:14:10 +0000] "GET /api/v1/videos/622099c571c2c02fc8120442 HTTP/1.1" 500 93 "-" "PostmanRuntime/7.29.0"
::1 - - [04/Mar/2022:04:14:56 +0000] "GET /api/v1/videos/622099c571c2c02fc8120442 HTTP/1.1" 404 98 "-" "PostmanRuntime/7.29.0"
::1 - - [04/Mar/2022:04:15:19 +0000] "GET /api/v1/videos/622099c571c2c02fc8120442 HTTP/1.1" 404 98 "-" "PostmanRuntime/7.29.0"
::1 - - [04/Mar/2022:04:16:59 +0000] "GET /api/v1/videos/622099c571c2c02fc8120442 HTTP/1.1" 404 98 "-" "PostmanRuntime/7.29.0"
::1 - - [04/Mar/2022:04:17:14 +0000] "GET /api/v1/videos/622099a671c2c02fc8120441 HTTP/1.1" 200 283 "-" "PostmanRuntime/7.29.0"
::1 - - [04/Mar/2022:04:17:34 +0000] "GET /api/v1/videos/622099c571c2c02fc8120442 HTTP/1.1" 404 98 "-" "PostmanRuntime/7.29.0"
::1 - - [04/Mar/2022:04:19:11 +0000] "GET /api/v1/videos/622099a671c2c02fc8120441 HTTP/1.1" 200 283 "-" "PostmanRuntime/7.29.0"
::1 - - [04/Mar/2022:04:19:24 +0000] "GET /api/v1/videos/622099c571c2c02fc8120442 HTTP/1.1" 404 98 "-" "PostmanRuntime/7.29.0"
::1 - - [04/Mar/2022:04:22:45 +0000] "GET /api/v1/videos/6220998071c2c02fc8120440 HTTP/1.1" 200 283 "-" "PostmanRuntime/7.29.0"
::1 - - [04/Mar/2022:04:23:39 +0000] "GET /api/v1/histories HTTP/1.1" 200 1093 "-" "PostmanRuntime/7.29.0"
::1 - - [04/Mar/2022:04:24:14 +0000] "GET /api/v1/videos/622099a671c2c02fc8120441 HTTP/1.1" 200 283 "-" "PostmanRuntime/7.29.0"
::1 - - [04/Mar/2022:04:24:17 +0000] "GET /api/v1/histories HTTP/1.1" 200 1093 "-" "PostmanRuntime/7.29.0"
::1 - - [04/Mar/2022:04:24:46 +0000] "GET /api/v1/videos/622099c571c2c02fc8120442 HTTP/1.1" 404 98 "-" "PostmanRuntime/7.29.0"
::1 - - [04/Mar/2022:04:25:10 +0000] "GET /api/v1/histories?limit=100 HTTP/1.1" 200 8284 "-" "PostmanRuntime/7.29.0"
::1 - - [04/Mar/2022:04:26:48 +0000] "GET /api/v1/videos/622099c571c2c02fc8120442 HTTP/1.1" 500 61 "-" "PostmanRuntime/7.29.0"
::1 - - [04/Mar/2022:04:27:38 +0000] "GET /api/v1/videos/622099c571c2c02fc8120442 HTTP/1.1" 404 98 "-" "PostmanRuntime/7.29.0"
::1 - - [04/Mar/2022:04:30:20 +0000] "GET /api/v1/videos/622099c571c2c02fc8120442 HTTP/1.1" 404 98 "-" "PostmanRuntime/7.29.0"
::1 - - [04/Mar/2022:04:31:28 +0000] "GET /api/v1/videos/622099c571c2c02fc8120442 HTTP/1.1" 404 98 "-" "PostmanRuntime/7.29.0"
::1 - - [04/Mar/2022:04:35:00 +0000] "GET /api/v1/videos/622099c571c2c02fc8120442 HTTP/1.1" 200 283 "-" "PostmanRuntime/7.29.0"
::1 - - [04/Mar/2022:04:36:30 +0000] "GET /api/v1/courses HTTP/1.1" 200 553 "-" "PostmanRuntime/7.29.0"
::1 - - [04/Mar/2022:04:36:39 +0000] "GET /api/v1/videos/622099f271c2c02fc8120443 HTTP/1.1" 200 283 "-" "PostmanRuntime/7.29.0"
::1 - - [04/Mar/2022:04:36:54 +0000] "GET /api/v1/videos/62209a1271c2c02fc8120445 HTTP/1.1" 500 93 "-" "PostmanRuntime/7.29.0"
::1 - - [04/Mar/2022:04:39:11 +0000] "GET /api/v1/videos/62209a1271c2c02fc8120445 HTTP/1.1" 404 98 "-" "PostmanRuntime/7.29.0"
::1 - - [04/Mar/2022:04:40:18 +0000] "GET /api/v1/videos/62209a0771c2c02fc8120444 HTTP/1.1" 200 283 "-" "PostmanRuntime/7.29.0"
::1 - - [04/Mar/2022:04:40:33 +0000] "GET /api/v1/videos/62209a1271c2c02fc8120445 HTTP/1.1" 200 283 "-" "PostmanRuntime/7.29.0"
::1 - - [04/Mar/2022:04:41:13 +0000] "GET /api/v1/histories?limit=100 HTTP/1.1" 200 8959 "-" "PostmanRuntime/7.29.0"
::1 - - [04/Mar/2022:04:41:16 +0000] "GET /api/v1/histories?limit=100 HTTP/1.1" 200 8959 "-" "PostmanRuntime/7.29.0"
::1 - - [04/Mar/2022:04:41:21 +0000] "GET /api/v1/videos/62209a1271c2c02fc8120445 HTTP/1.1" 200 283 "-" "PostmanRuntime/7.29.0"
::1 - - [04/Mar/2022:04:41:24 +0000] "GET /api/v1/histories?limit=100 HTTP/1.1" 200 8959 "-" "PostmanRuntime/7.29.0"
::1 - - [04/Mar/2022:04:41:30 +0000] "GET /api/v1/videos/62209a1271c2c02fc8120445 HTTP/1.1" 200 283 "-" "PostmanRuntime/7.29.0"
::1 - - [04/Mar/2022:04:41:32 +0000] "GET /api/v1/histories?limit=100 HTTP/1.1" 200 8959 "-" "PostmanRuntime/7.29.0"
::1 - - [04/Mar/2022:04:42:17 +0000] "POST /api/v1/videos HTTP/1.1" 200 283 "-" "PostmanRuntime/7.29.0"
::1 - - [04/Mar/2022:04:42:28 +0000] "POST /api/v1/videos HTTP/1.1" 200 283 "-" "PostmanRuntime/7.29.0"
::1 - - [04/Mar/2022:04:42:38 +0000] "POST /api/v1/videos HTTP/1.1" 200 283 "-" "PostmanRuntime/7.29.0"
::1 - - [04/Mar/2022:04:42:44 +0000] "GET /api/v1/courses HTTP/1.1" 200 634 "-" "PostmanRuntime/7.29.0"
::1 - - [04/Mar/2022:04:42:54 +0000] "GET /api/v1/videos/622198b4e8eca71da448d1de HTTP/1.1" 404 98 "-" "PostmanRuntime/7.29.0"
::1 - - [04/Mar/2022:04:43:01 +0000] "GET /api/v1/histories?limit=100 HTTP/1.1" 200 8959 "-" "PostmanRuntime/7.29.0"
::1 - - [04/Mar/2022:04:43:11 +0000] "GET /api/v1/videos/622198a9e8eca71da448d1dd HTTP/1.1" 200 283 "-" "PostmanRuntime/7.29.0"
::1 - - [04/Mar/2022:04:43:17 +0000] "GET /api/v1/histories?limit=100 HTTP/1.1" 200 9184 "-" "PostmanRuntime/7.29.0"
::1 - - [04/Mar/2022:04:43:21 +0000] "GET /api/v1/videos/622198a9e8eca71da448d1dd HTTP/1.1" 200 283 "-" "PostmanRuntime/7.29.0"
::1 - - [04/Mar/2022:04:43:23 +0000] "GET /api/v1/histories?limit=100 HTTP/1.1" 200 9184 "-" "PostmanRuntime/7.29.0"
::1 - - [04/Mar/2022:04:43:42 +0000] "GET /api/v1/videos/622198bee8eca71da448d1df HTTP/1.1" 404 98 "-" "PostmanRuntime/7.29.0"
::1 - - [04/Mar/2022:04:44:08 +0000] "GET /api/v1/videos/6220998071c2c02fc8120440 HTTP/1.1" 404 98 "-" "PostmanRuntime/7.29.0"
::1 - - [04/Mar/2022:04:47:35 +0000] "GET /api/v1/videos/6220998071c2c02fc8120440 HTTP/1.1" 200 283 "-" "PostmanRuntime/7.29.0"
::1 - - [04/Mar/2022:04:47:55 +0000] "GET /api/v1/videos/622099a671c2c02fc8120441 HTTP/1.1" 200 283 "-" "PostmanRuntime/7.29.0"
::1 - - [04/Mar/2022:04:48:06 +0000] "GET /api/v1/videos/622198bee8eca71da448d1df HTTP/1.1" 404 98 "-" "PostmanRuntime/7.29.0"
::1 - - [04/Mar/2022:04:48:37 +0000] "GET /api/v1/histories?limit=100 HTTP/1.1" 200 9184 "-" "PostmanRuntime/7.29.0"
::1 - - [04/Mar/2022:04:48:42 +0000] "GET /api/v1/videos/622198b4e8eca71da448d1de HTTP/1.1" 200 283 "-" "PostmanRuntime/7.29.0"
::1 - - [04/Mar/2022:04:48:44 +0000] "GET /api/v1/histories?limit=100 HTTP/1.1" 200 9409 "-" "PostmanRuntime/7.29.0"
::1 - - [04/Mar/2022:04:48:55 +0000] "GET /api/v1/videos/622198b4e8eca71da448d1de HTTP/1.1" 200 283 "-" "PostmanRuntime/7.29.0"
::1 - - [04/Mar/2022:04:49:05 +0000] "GET /api/v1/videos/622198bee8eca71da448d1df HTTP/1.1" 200 283 "-" "PostmanRuntime/7.29.0"
::1 - - [04/Mar/2022:04:49:08 +0000] "GET /api/v1/histories?limit=100 HTTP/1.1" 200 9634 "-" "PostmanRuntime/7.29.0"
::1 - - [04/Mar/2022:04:49:12 +0000] "GET /api/v1/videos/622198bee8eca71da448d1df HTTP/1.1" 200 283 "-" "PostmanRuntime/7.29.0"
::1 - - [04/Mar/2022:04:49:19 +0000] "GET /api/v1/videos/6220998071c2c02fc8120440 HTTP/1.1" 200 283 "-" "PostmanRuntime/7.29.0"
::1 - - [04/Mar/2022:04:50:20 +0000] "GET /api/v1/courses HTTP/1.1" 200 634 "-" "PostmanRuntime/7.29.0"
::1 - - [04/Mar/2022:04:51:43 +0000] "POST /api/v1/users HTTP/1.1" 200 322 "-" "PostmanRuntime/7.29.0"
::1 - - [04/Mar/2022:04:51:50 +0000] "POST /api/v1/users/login HTTP/1.1" 200 524 "-" "PostmanRuntime/7.29.0"
::1 - - [04/Mar/2022:04:51:56 +0000] "GET /api/v1/videos/6220998071c2c02fc8120440 HTTP/1.1" 200 283 "-" "PostmanRuntime/7.29.0"
::1 - - [04/Mar/2022:04:52:10 +0000] "GET /api/v1/videos/622099c571c2c02fc8120442 HTTP/1.1" 404 98 "-" "PostmanRuntime/7.29.0"
::1 - - [04/Mar/2022:04:52:21 +0000] "GET /api/v1/histories?limit=100 HTTP/1.1" 200 9859 "-" "PostmanRuntime/7.29.0"
::1 - - [04/Mar/2022:04:52:27 +0000] "GET /api/v1/videos/622099c571c2c02fc8120442 HTTP/1.1" 404 98 "-" "PostmanRuntime/7.29.0"
::1 - - [04/Mar/2022:04:52:31 +0000] "GET /api/v1/histories?limit=100 HTTP/1.1" 200 9859 "-" "PostmanRuntime/7.29.0"
::1 - - [04/Mar/2022:04:52:56 +0000] "GET /api/v1/videos/622099f271c2c02fc8120443 HTTP/1.1" 404 98 "-" "PostmanRuntime/7.29.0"
::1 - - [04/Mar/2022:04:53:05 +0000] "GET /api/v1/videos/62209a0771c2c02fc8120444 HTTP/1.1" 404 98 "-" "PostmanRuntime/7.29.0"
::1 - - [04/Mar/2022:04:53:17 +0000] "GET /api/v1/histories?limit=100 HTTP/1.1" 200 9859 "-" "PostmanRuntime/7.29.0"
::1 - - [04/Mar/2022:04:53:22 +0000] "GET /api/v1/videos/622099a671c2c02fc8120441 HTTP/1.1" 200 283 "-" "PostmanRuntime/7.29.0"
::1 - - [04/Mar/2022:04:53:25 +0000] "GET /api/v1/histories?limit=100 HTTP/1.1" 200 10084 "-" "PostmanRuntime/7.29.0"
::1 - - [04/Mar/2022:04:58:09 +0000] "DELETE /api/v1/videos/622099a671c2c02fc8120441 HTTP/1.1" 200 283 "-" "PostmanRuntime/7.29.0"
::1 - - [04/Mar/2022:04:58:13 +0000] "GET /api/v1/courses HTTP/1.1" 200 634 "-" "PostmanRuntime/7.29.0"
::1 - - [04/Mar/2022:04:58:16 +0000] "GET /api/v1/courses HTTP/1.1" 200 634 "-" "PostmanRuntime/7.29.0"
::1 - - [04/Mar/2022:04:58:28 +0000] "GET /api/v1/videos/622099a671c2c02fc8120441 HTTP/1.1" 500 89 "-" "PostmanRuntime/7.29.0"
::1 - - [04/Mar/2022:05:01:35 +0000] "GET /api/v1/courses HTTP/1.1" 200 634 "-" "PostmanRuntime/7.29.0"
::1 - - [04/Mar/2022:05:01:47 +0000] "GET /api/v1/videos/622099c571c2c02fc8120442 HTTP/1.1" 200 283 "-" "PostmanRuntime/7.29.0"
::1 - - [04/Mar/2022:05:02:15 +0000] "GET /api/v1/videos/622099a671c2c02fc8120441 HTTP/1.1" 500 89 "-" "PostmanRuntime/7.29.0"
::1 - - [04/Mar/2022:05:02:23 +0000] "GET /api/v1/videos/622099c571c2c02fc8120442 HTTP/1.1" 200 283 "-" "PostmanRuntime/7.29.0"
::1 - - [04/Mar/2022:05:04:56 +0000] "DELETE /api/v1/videos/622099c571c2c02fc8120442 HTTP/1.1" 200 283 "-" "PostmanRuntime/7.29.0"
::1 - - [04/Mar/2022:05:05:01 +0000] "GET /api/v1/courses HTTP/1.1" 200 634 "-" "PostmanRuntime/7.29.0"
::1 - - [04/Mar/2022:05:05:37 +0000] "DELETE /api/v1/videos/622099c571c2c02fc8120442 HTTP/1.1" 500 89 "-" "PostmanRuntime/7.29.0"
::1 - - [04/Mar/2022:05:05:46 +0000] "DELETE /api/v1/videos/622099f271c2c02fc8120443 HTTP/1.1" 200 283 "-" "PostmanRuntime/7.29.0"
::1 - - [04/Mar/2022:05:08:14 +0000] "DELETE /api/v1/videos/62209a0771c2c02fc8120444 HTTP/1.1" 500 79 "-" "PostmanRuntime/7.29.0"
::1 - - [04/Mar/2022:05:09:39 +0000] "DELETE /api/v1/videos/62209a0771c2c02fc8120444 HTTP/1.1" 200 283 "-" "PostmanRuntime/7.29.0"
::1 - - [04/Mar/2022:05:09:50 +0000] "GET /api/v1/courses HTTP/1.1" 200 634 "-" "PostmanRuntime/7.29.0"
::1 - - [04/Mar/2022:05:09:51 +0000] "GET /api/v1/courses HTTP/1.1" 200 634 "-" "PostmanRuntime/7.29.0"
::1 - - [04/Mar/2022:05:10:26 +0000] "DELETE /api/v1/videos/62209a1271c2c02fc8120445 HTTP/1.1" 200 283 "-" "PostmanRuntime/7.29.0"
::1 - - [04/Mar/2022:05:10:32 +0000] "GET /api/v1/courses HTTP/1.1" 200 634 "-" "PostmanRuntime/7.29.0"
::1 - - [04/Mar/2022:05:11:49 +0000] "POST /api/v1/courses HTTP/1.1" 200 314 "-" "PostmanRuntime/7.29.0"
::1 - - [04/Mar/2022:05:12:08 +0000] "POST /api/v1/videos HTTP/1.1" 200 283 "-" "PostmanRuntime/7.29.0"
::1 - - [04/Mar/2022:05:12:41 +0000] "POST /api/v1/videos HTTP/1.1" 200 283 "-" "PostmanRuntime/7.29.0"
::1 - - [04/Mar/2022:05:12:51 +0000] "POST /api/v1/videos HTTP/1.1" 200 283 "-" "PostmanRuntime/7.29.0"
::1 - - [04/Mar/2022:05:13:02 +0000] "POST /api/v1/videos HTTP/1.1" 200 283 "-" "PostmanRuntime/7.29.0"
::1 - - [04/Mar/2022:05:13:12 +0000] "POST /api/v1/videos HTTP/1.1" 200 283 "-" "PostmanRuntime/7.29.0"
::1 - - [04/Mar/2022:05:13:24 +0000] "GET /api/v1/courses HTTP/1.1" 200 1059 "-" "PostmanRuntime/7.29.0"
::1 - - [04/Mar/2022:05:13:53 +0000] "DELETE /api/v1/videos/62219fc9f847310c68cc9b53 HTTP/1.1" 200 283 "-" "PostmanRuntime/7.29.0"
::1 - - [04/Mar/2022:05:14:20 +0000] "GET /api/v1/videos/62219fa8f847310c68cc9b52 HTTP/1.1" 200 283 "-" "PostmanRuntime/7.29.0"
::1 - - [04/Mar/2022:05:14:33 +0000] "GET /api/v1/videos/62219fd3f847310c68cc9b54 HTTP/1.1" 404 98 "-" "PostmanRuntime/7.29.0"
::1 - - [04/Mar/2022:05:15:24 +0000] "DELETE /api/v1/videos/62219fd3f847310c68cc9b54 HTTP/1.1" 200 283 "-" "PostmanRuntime/7.29.0"
::1 - - [04/Mar/2022:05:15:27 +0000] "GET /api/v1/courses HTTP/1.1" 200 1032 "-" "PostmanRuntime/7.29.0"
::1 - - [04/Mar/2022:05:17:30 +0000] "GET /api/v1/videos HTTP/1.1" 200 1274 "-" "PostmanRuntime/7.29.0"
::1 - - [04/Mar/2022:07:32:21 +0000] "POST /api/v1/users/login HTTP/1.1" 200 524 "-" "PostmanRuntime/7.29.0"
::1 - - [04/Mar/2022:07:32:38 +0000] "POST /api/v1/users HTTP/1.1" 500 376 "-" "PostmanRuntime/7.29.0"
::1 - - [04/Mar/2022:07:32:45 +0000] "POST /api/v1/users HTTP/1.1" 200 266 "-" "PostmanRuntime/7.29.0"
::1 - - [04/Mar/2022:07:33:11 +0000] "POST /api/v1/users/login HTTP/1.1" 401 123 "-" "PostmanRuntime/7.29.0"
::1 - - [04/Mar/2022:07:33:32 +0000] "POST /api/v1/users/login HTTP/1.1" 401 123 "-" "PostmanRuntime/7.29.0"
::1 - - [04/Mar/2022:07:34:55 +0000] "POST /api/v1/users/login HTTP/1.1" 200 468 "-" "PostmanRuntime/7.29.0"
::1 - - [04/Mar/2022:07:35:07 +0000] "POST /api/v1/users/login HTTP/1.1" 401 123 "-" "PostmanRuntime/7.29.0"
::1 - - [04/Mar/2022:07:35:12 +0000] "POST /api/v1/users/login HTTP/1.1" 401 123 "-" "PostmanRuntime/7.29.0"
::1 - - [04/Mar/2022:07:35:16 +0000] "POST /api/v1/users/login HTTP/1.1" 200 468 "-" "PostmanRuntime/7.29.0"
::1 - - [04/Mar/2022:07:40:21 +0000] "GET /api/v1/courses HTTP/1.1" 200 1032 "-" "PostmanRuntime/7.29.0"
::1 - - [04/Mar/2022:07:40:38 +0000] "POST /api/v1/courses HTTP/1.1" 200 314 "-" "PostmanRuntime/7.29.0"
::1 - - [04/Mar/2022:07:40:53 +0000] "POST /api/v1/videos HTTP/1.1" 200 283 "-" "PostmanRuntime/7.29.0"
::1 - - [04/Mar/2022:07:41:10 +0000] "POST /api/v1/videos HTTP/1.1" 200 283 "-" "PostmanRuntime/7.29.0"
::1 - - [04/Mar/2022:07:41:25 +0000] "POST /api/v1/videos HTTP/1.1" 200 283 "-" "PostmanRuntime/7.29.0"
::1 - - [04/Mar/2022:07:41:39 +0000] "POST /api/v1/videos HTTP/1.1" 200 283 "-" "PostmanRuntime/7.29.0"
::1 - - [04/Mar/2022:07:41:52 +0000] "POST /api/v1/videos HTTP/1.1" 200 283 "-" "PostmanRuntime/7.29.0"
::1 - - [04/Mar/2022:07:42:02 +0000] "POST /api/v1/videos HTTP/1.1" 200 283 "-" "PostmanRuntime/7.29.0"
::1 - - [04/Mar/2022:07:42:12 +0000] "POST /api/v1/videos HTTP/1.1" 200 283 "-" "PostmanRuntime/7.29.0"
::1 - - [04/Mar/2022:07:42:15 +0000] "GET /api/v1/courses HTTP/1.1" 200 1511 "-" "PostmanRuntime/7.29.0"
::1 - - [04/Mar/2022:07:43:13 +0000] "DELETE /api/v1/videos/6221c2963c59414168ffb26c HTTP/1.1" 200 283 "-" "PostmanRuntime/7.29.0"
::1 - - [04/Mar/2022:07:43:48 +0000] "DELETE /api/v1/videos/6221c2963c59414168ffb26c HTTP/1.1" 500 89 "-" "PostmanRuntime/7.29.0"
::1 - - [04/Mar/2022:07:44:20 +0000] "GET /api/v1/videos/6221c2a53c59414168ffb26d HTTP/1.1" 404 98 "-" "PostmanRuntime/7.29.0"
::1 - - [04/Mar/2022:07:44:29 +0000] "GET /api/v1/videos/6221c2853c59414168ffb26b HTTP/1.1" 200 283 "-" "PostmanRuntime/7.29.0"
::1 - - [04/Mar/2022:07:44:42 +0000] "GET /api/v1/videos/6221c2a53c59414168ffb26d HTTP/1.1" 200 283 "-" "PostmanRuntime/7.29.0"
::1 - - [04/Mar/2022:07:44:53 +0000] "GET /api/v1/courses HTTP/1.1" 200 1484 "-" "PostmanRuntime/7.29.0"
::1 - - [04/Mar/2022:07:45:02 +0000] "GET /api/v1/videos/6221c2b33c59414168ffb26e HTTP/1.1" 200 283 "-" "PostmanRuntime/7.29.0"
::1 - - [04/Mar/2022:07:45:20 +0000] "GET /api/v1/courses HTTP/1.1" 200 1484 "-" "PostmanRuntime/7.29.0"
::1 - - [04/Mar/2022:07:45:32 +0000] "GET /api/v1/videos/6221c2d43c59414168ffb271 HTTP/1.1" 404 98 "-" "PostmanRuntime/7.29.0"
::1 - - [04/Mar/2022:07:45:50 +0000] "GET /api/v1/videos/6221c2ca3c59414168ffb270 HTTP/1.1" 404 98 "-" "PostmanRuntime/7.29.0"
::1 - - [04/Mar/2022:07:46:00 +0000] "GET /api/v1/videos/6221c2c03c59414168ffb26f HTTP/1.1" 200 283 "-" "PostmanRuntime/7.29.0"
::1 - - [04/Mar/2022:07:46:15 +0000] "POST /api/v1/users/login HTTP/1.1" 401 123 "-" "PostmanRuntime/7.29.0"
::1 - - [04/Mar/2022:07:46:24 +0000] "POST /api/v1/users/login HTTP/1.1" 401 123 "-" "PostmanRuntime/7.29.0"
::1 - - [04/Mar/2022:07:46:43 +0000] "POST /api/v1/users HTTP/1.1" 200 266 "-" "PostmanRuntime/7.29.0"
::1 - - [04/Mar/2022:07:46:49 +0000] "POST /api/v1/users/login HTTP/1.1" 200 468 "-" "PostmanRuntime/7.29.0"
::1 - - [04/Mar/2022:07:46:55 +0000] "GET /api/v1/courses HTTP/1.1" 200 1484 "-" "PostmanRuntime/7.29.0"
::1 - - [04/Mar/2022:07:47:07 +0000] "GET /api/v1/videos/6221c2d43c59414168ffb271 HTTP/1.1" 404 98 "-" "PostmanRuntime/7.29.0"
::1 - - [04/Mar/2022:07:47:17 +0000] "GET /api/v1/videos/6221c2ca3c59414168ffb270 HTTP/1.1" 200 283 "-" "PostmanRuntime/7.29.0"
::1 - - [04/Mar/2022:07:47:38 +0000] "GET /api/v1/histories?limit=100 HTTP/1.1" 200 11659 "-" "PostmanRuntime/7.29.0"
::1 - - [04/Mar/2022:07:47:40 +0000] "GET /api/v1/histories?limit=100 HTTP/1.1" 200 11659 "-" "PostmanRuntime/7.29.0"
::1 - - [04/Mar/2022:07:50:06 +0000] "GET /api/v1/courses HTTP/1.1" 200 1484 "-" "PostmanRuntime/7.29.0"
::1 - - [04/Mar/2022:07:50:23 +0000] "GET /api/v1/videos/6221c2d43c59414168ffb271 HTTP/1.1" 200 283 "-" "PostmanRuntime/7.29.0"
::1 - - [04/Mar/2022:07:51:12 +0000] "GET /api/v1/courses HTTP/1.1" 200 1484 "-" "PostmanRuntime/7.29.0"
::1 - - [04/Mar/2022:07:51:20 +0000] "GET /api/v1/videos/6221c2d43c59414168ffb271 HTTP/1.1" 200 283 "-" "PostmanRuntime/7.29.0"
::1 - - [04/Mar/2022:07:52:16 +0000] "POST /api/v1/users HTTP/1.1" 200 266 "-" "PostmanRuntime/7.29.0"
::1 - - [04/Mar/2022:07:52:36 +0000] "POST /api/v1/users/login HTTP/1.1" 200 468 "-" "PostmanRuntime/7.29.0"
::1 - - [04/Mar/2022:07:52:49 +0000] "GET /api/v1/videos/6221c2d43c59414168ffb271 HTTP/1.1" 404 98 "-" "PostmanRuntime/7.29.0"
::1 - - [04/Mar/2022:07:53:10 +0000] "GET /api/v1/videos/6221c2ca3c59414168ffb270 HTTP/1.1" 404 98 "-" "PostmanRuntime/7.29.0"
::1 - - [04/Mar/2022:07:53:19 +0000] "GET /api/v1/videos/6221c2c03c59414168ffb26f HTTP/1.1" 404 98 "-" "PostmanRuntime/7.29.0"
::1 - - [04/Mar/2022:07:53:26 +0000] "GET /api/v1/videos/6221c2b33c59414168ffb26e HTTP/1.1" 404 98 "-" "PostmanRuntime/7.29.0"
::1 - - [04/Mar/2022:07:53:35 +0000] "GET /api/v1/videos/6221c2a53c59414168ffb26d HTTP/1.1" 404 98 "-" "PostmanRuntime/7.29.0"
::1 - - [04/Mar/2022:07:54:53 +0000] "GET /api/v1/videos/6221c2d43c59414168ffb271 HTTP/1.1" 404 98 "-" "PostmanRuntime/7.29.0"
::1 - - [04/Mar/2022:07:55:02 +0000] "GET /api/v1/videos/6221c2ca3c59414168ffb270 HTTP/1.1" 404 98 "-" "PostmanRuntime/7.29.0"
::1 - - [04/Mar/2022:07:55:16 +0000] "GET /api/v1/videos/6221c2853c59414168ffb26b HTTP/1.1" 200 283 "-" "PostmanRuntime/7.29.0"
::1 - - [04/Mar/2022:07:55:25 +0000] "GET /api/v1/videos/6221c2a53c59414168ffb26d HTTP/1.1" 200 283 "-" "PostmanRuntime/7.29.0"
::1 - - [04/Mar/2022:07:55:34 +0000] "GET /api/v1/videos/6221c2c03c59414168ffb26f HTTP/1.1" 404 98 "-" "PostmanRuntime/7.29.0"
::1 - - [04/Mar/2022:08:13:54 +0000] "GET /api/v1/articles HTTP/1.1" 200 103 "-" "PostmanRuntime/7.29.0"
::1 - - [04/Mar/2022:08:19:56 +0000] "GET /api/v1/courses HTTP/1.1" 200 1484 "-" "PostmanRuntime/7.29.0"
::1 - - [04/Mar/2022:08:20:04 +0000] "GET /api/v1/videos/622198bee8eca71da448d1df HTTP/1.1" 500 84 "-" "PostmanRuntime/7.29.0"
::1 - - [04/Mar/2022:08:21:00 +0000] "GET /api/v1/videos/622198bee8eca71da448d1df HTTP/1.1" 404 95 "-" "PostmanRuntime/7.29.0"
::1 - - [04/Mar/2022:08:23:12 +0000] "GET /api/v1/histories?limit=100 HTTP/1.1" 200 12334 "-" "PostmanRuntime/7.29.0"
::1 - - [04/Mar/2022:08:23:15 +0000] "GET /api/v1/histories?limit=100 HTTP/1.1" 200 12334 "-" "PostmanRuntime/7.29.0"
